<?xml version="1.0" encoding="utf-8"?><testsuites name="pytest tests"><testsuite name="pytest" errors="0" failures="0" skipped="0" tests="38" time="88.980" timestamp="2026-09-25T13:57:17.510309-04:00" hostname="US-MAC-FDE1.local"><testcase classname="backend.tests.test_embedder" name="test_real_embeddinggemma_matches_the_lock_and_ranks_the_matching_text" time="4.965" /><testcase classname="backend.tests.test_live_agent" name="test_injected_tool_output_cannot_add_tools_or_exceed_the_budget" time="16.452" /><testcase classname="backend.tests.test_live_agent" name="test_injection_inside_evidence_does_not_change_the_answer" time="1.360" /><testcase classname="backend.tests.test_live_agent" name="test_reference_to_an_absent_document_has_no_link_and_no_invented_answer" time="6.407" /><testcase classname="backend.tests.test_live_agent" name="test_timeout_returns_a_structured_partial_result" time="1.074" /><testcase classname="backend.tests.test_live_agent" name="test_unreachable_model_is_reported_unavailable_not_replaced" time="0.065" /><testcase classname="backend.tests.test_live_eval" name="test_at_least_eight_generated_cases" time="0.001" /><testcase classname="backend.tests.test_live_eval" name="test_generated_case_passes[D-G01]" time="3.145" /><testcase classname="backend.tests.test_live_eval" name="test_generated_case_passes[D-G02]" time="1.422" /><testcase classname="backend.tests.test_live_eval" name="test_generated_case_passes[D-G03]" time="3.597" /><testcase classname="backend.tests.test_live_eval" name="test_generated_case_passes[D-G04]" time="2.369" /><testcase classname="backend.tests.test_live_eval" name="test_generated_case_passes[D-G07]" time="5.530" /><testcase classname="backend.tests.test_live_eval" name="test_generated_case_passes[D-G05]" time="1.174" /><testcase classname="backend.tests.test_live_eval" name="test_generated_case_passes[D-G06]" time="1.234" /><testcase classname="backend.tests.test_live_eval" name="test_generated_case_passes[H-G01]" time="2.894" /><testcase classname="backend.tests.test_live_eval" name="test_generated_case_passes[H-G02]" time="4.181" /><testcase classname="backend.tests.test_live_eval" name="test_generated_case_passes[H-G03]" time="4.290" /><testcase classname="backend.tests.test_live_eval" name="test_generated_case_passes[H-G04]" time="3.167" /><testcase classname="backend.tests.test_live_eval" name="test_generated_case_passes[H-G05]" time="2.644" /><testcase classname="backend.tests.test_live_eval" name="test_generated_case_passes[H-G06]" time="3.107" /><testcase classname="backend.tests.test_live_eval" name="test_generated_case_passes[H-G07]" time="3.718" /><testcase classname="backend.tests.test_live_eval" name="test_generated_case_passes[H-G08]" time="4.459" /><testcase classname="backend.tests.test_live_eval" name="test_generated_case_passes[H-G09]" time="2.190" /><testcase classname="backend.tests.test_live_eval" name="test_hybrid_finds_the_section_lookup_that_vector_misses" time="0.162" /><testcase classname="backend.tests.test_live_eval" name="test_needle_is_found_in_an_isolated_index_that_is_cleaned_up" time="0.486" /><testcase classname="backend.tests.test_live_graph" name="test_stored_edges_match_the_plan_and_carry_provenance" time="0.034" /><testcase classname="backend.tests.test_live_graph" name="test_graph_rerank_reports_bounded_paths_from_validated_edges" time="0.081" /><testcase classname="backend.tests.test_live_rag" name="test_reingest_is_idempotent" time="0.030" /><testcase classname="backend.tests.test_live_rag" name="test_failed_build_leaves_the_published_generation_serving" time="0.129" /><testcase classname="backend.tests.test_live_rag" name="test_publish_then_roll_back" time="0.125" /><testcase classname="backend.tests.test_live_rag" name="test_third_publication_retires_the_oldest_generation" time="0.463" /><testcase classname="backend.tests.test_live_rag" name="test_damaged_fixture_needs_the_evaluation_profile" time="0.002" /><testcase classname="backend.tests.test_live_rag" name="test_vector_retrieval_finds_the_current_rule_and_agrees_with_exact_cosine" time="0.091" /><testcase classname="backend.tests.test_live_rag" name="test_superseded_version_is_excluded_unless_history_is_requested" time="0.182" /><testcase classname="backend.tests.test_live_rag" name="test_basic_rag_answer_is_cited_and_resolvable" time="2.855" /><testcase classname="backend.tests.test_live_rag" name="test_missing_base_rate_is_reported_not_invented" time="2.609" /><testcase classname="backend.tests.test_smoke" name="test_two_text_loop_against_real_embedder_and_memgraph[sentence-transformers]" time="0.327" /><testcase classname="backend.tests.test_smoke" name="test_two_text_loop_against_real_embedder_and_memgraph[ollama]" time="1.142" /></testsuite></testsuites>